TN:
SF:src/lib/components/Button/Button.svelte
FNF:0
FNH:0
DA:1,1
DA:2,1
DA:3,1
DA:4,1
DA:5,1
DA:6,1
DA:7,1
DA:8,1
DA:9,1
DA:10,1
DA:11,1
DA:12,1
DA:13,1
DA:14,1
DA:15,1
DA:16,1
DA:17,1
DA:18,1
DA:19,1
DA:20,1
DA:21,1
DA:22,1
DA:23,1
DA:24,1
DA:25,1
DA:26,1
DA:27,1
DA:28,1
DA:29,1
DA:30,1
DA:31,1
DA:32,1
DA:33,1
DA:34,1
DA:35,1
DA:36,1
DA:37,1
DA:38,1
DA:39,1
LF:39
LH:39
BRDA:32,0,0,8
BRF:1
BRH:1
end_of_record
TN:
SF:src/lib/components/Button/buttonOptions.ts
FN:10,get
FN:14,get
FNF:2
FNH:0
FNDA:0,get
FNDA:0,get
DA:1,1
DA:2,1
DA:3,1
DA:4,1
DA:5,1
DA:6,1
DA:7,1
DA:8,1
DA:9,1
DA:10,0
DA:11,1
DA:12,1
DA:13,1
DA:14,1
DA:15,1
DA:16,1
LF:16
LH:15
BRF:0
BRH:0
end_of_record
TN:
SF:src/lib/components/Button/index.ts
FNF:0
FNH:0
DA:1,1
DA:2,1
DA:3,1
LF:3
LH:3
BRF:0
BRH:0
end_of_record
TN:
SF:src/lib/components/ContentfulRichText/ContentfulRichText.svelte
FNF:0
FNH:0
DA:1,1
DA:2,1
DA:3,1
DA:4,1
DA:5,1
DA:6,1
DA:7,1
DA:8,1
DA:9,1
DA:10,1
DA:11,1
DA:12,1
DA:13,1
DA:14,1
DA:15,1
DA:16,1
LF:16
LH:16
BRF:0
BRH:0
end_of_record
TN:
SF:src/lib/components/ContentfulRichText/headings.ts
FN:31,get
FN:33,getAssertedHeadingLevel
FN:41,get
FNF:3
FNH:2
FNDA:0,get
FNDA:17,getAssertedHeadingLevel
FNDA:17,get
DA:1,1
DA:2,1
DA:3,1
DA:4,1
DA:5,1
DA:6,1
DA:7,1
DA:8,1
DA:9,1
DA:10,1
DA:11,1
DA:12,1
DA:13,1
DA:14,1
DA:15,1
DA:16,1
DA:17,1
DA:18,1
DA:19,1
DA:20,1
DA:21,1
DA:22,1
DA:23,1
DA:24,1
DA:25,1
DA:26,1
DA:27,1
DA:28,1
DA:29,1
DA:30,1
DA:31,0
DA:32,1
DA:33,1
DA:34,17
DA:35,17
DA:36,17
DA:37,17
DA:38,0
DA:39,0
DA:40,17
DA:41,17
LF:41
LH:38
BRDA:33,0,0,17
BRDA:37,1,0,0
BRDA:41,2,0,17
BRF:3
BRH:2
end_of_record
TN:
SF:src/lib/components/ContentfulRichText/predicates.ts
FN:22,isNode
FN:28,get
FN:30,isDocument
FN:31,get
FN:33,isParagraph
FN:34,get
FN:36,isHeading
FN:39,get
FN:41,isHr
FN:41,get
FN:43,isText
FN:43,get
FN:45,isQuote
FN:45,get
FN:47,isUnorderedList
FN:48,get
FN:50,isOrderedList
FN:51,get
FN:53,isListItem
FN:54,get
FN:56,isHyperlink
FN:57,get
FN:59,isTable
FN:59,get
FN:60,isTableRow
FN:61,get
FN:62,isTableHeaderCell
FN:63,get
FN:64,isTableCell
FN:65,get
FNF:30
FNH:27
FNDA:276,isNode
FNDA:0,get
FNDA:2,isDocument
FNDA:2,get
FNDA:71,isParagraph
FNDA:71,get
FNDA:17,isHeading
FNDA:17,get
FNDA:3,isHr
FNDA:3,get
FNDA:97,isText
FNDA:97,get
FNDA:1,isQuote
FNDA:1,get
FNDA:5,isUnorderedList
FNDA:5,get
FNDA:2,isOrderedList
FNDA:2,get
FNDA:14,isListItem
FNDA:14,get
FNDA:3,isHyperlink
FNDA:3,get
FNDA:4,isTable
FNDA:4,get
FNDA:19,isTableRow
FNDA:19,get
FNDA:0,isTableHeaderCell
FNDA:0,get
FNDA:38,isTableCell
FNDA:38,get
DA:1,1
DA:2,1
DA:3,1
DA:4,1
DA:5,1
DA:6,1
DA:7,1
DA:8,1
DA:9,1
DA:10,1
DA:11,1
DA:12,1
DA:13,1
DA:14,1
DA:15,1
DA:16,1
DA:17,1
DA:18,1
DA:19,1
DA:20,1
DA:21,1
DA:22,1
DA:23,276
DA:24,276
DA:25,276
DA:26,276
DA:27,276
DA:28,276
DA:29,1
DA:30,1
DA:31,2
DA:32,1
DA:33,1
DA:34,71
DA:35,1
DA:36,1
DA:37,17
DA:38,17
DA:39,17
DA:40,1
DA:41,1
DA:42,1
DA:43,1
DA:44,1
DA:45,1
DA:46,1
DA:47,1
DA:48,5
DA:49,1
DA:50,1
DA:51,2
DA:52,1
DA:53,1
DA:54,14
DA:55,1
DA:56,1
DA:57,3
DA:58,1
DA:59,1
DA:60,1
DA:61,19
DA:62,1
DA:63,0
DA:64,1
DA:65,38
LF:65
LH:64
BRDA:22,0,0,276
BRDA:30,1,0,2
BRDA:31,2,0,2
BRDA:33,3,0,71
BRDA:34,4,0,71
BRDA:36,5,0,17
BRDA:39,6,0,17
BRDA:41,7,0,3
BRDA:41,8,0,3
BRDA:43,9,0,97
BRDA:43,10,0,97
BRDA:45,11,0,1
BRDA:45,12,0,1
BRDA:47,13,0,5
BRDA:48,14,0,5
BRDA:50,15,0,2
BRDA:51,16,0,2
BRDA:53,17,0,14
BRDA:54,18,0,14
BRDA:56,19,0,3
BRDA:57,20,0,3
BRDA:59,21,0,4
BRDA:59,22,0,4
BRDA:60,23,0,19
BRDA:61,24,0,19
BRDA:64,25,0,38
BRDA:65,26,0,38
BRF:27
BRH:27
end_of_record
TN:
SF:src/lib/components/ContentfulRichText/nodes/Blockquote.svelte
FNF:0
FNH:0
DA:1,1
DA:2,1
DA:3,1
DA:4,1
DA:5,1
DA:6,1
DA:7,1
DA:8,1
DA:9,1
DA:10,1
DA:11,1
DA:12,1
DA:13,1
DA:14,1
DA:15,1
DA:16,1
DA:17,1
DA:18,1
DA:19,1
LF:19
LH:19
BRF:0
BRH:0
end_of_record
TN:
SF:src/lib/components/ContentfulRichText/nodes/Heading1.svelte
FNF:0
FNH:0
DA:1,1
DA:2,1
DA:3,1
DA:4,1
DA:5,1
DA:6,1
DA:7,1
DA:8,1
DA:9,1
DA:10,1
DA:11,1
DA:12,1
DA:13,1
DA:14,1
DA:15,1
LF:15
LH:15
BRF:0
BRH:0
end_of_record
TN:
SF:src/lib/components/ContentfulRichText/nodes/Heading2.svelte
FNF:0
FNH:0
DA:1,1
DA:2,1
DA:3,1
DA:4,1
DA:5,1
DA:6,1
DA:7,1
DA:8,1
DA:9,1
DA:10,1
DA:11,1
DA:12,1
DA:13,1
DA:14,1
DA:15,1
LF:15
LH:15
BRF:0
BRH:0
end_of_record
TN:
SF:src/lib/components/ContentfulRichText/nodes/Heading3.svelte
FNF:0
FNH:0
DA:1,1
DA:2,1
DA:3,1
DA:4,1
DA:5,1
DA:6,1
DA:7,1
DA:8,1
DA:9,1
DA:10,1
DA:11,1
DA:12,1
DA:13,1
DA:14,1
DA:15,1
LF:15
LH:15
BRF:0
BRH:0
end_of_record
TN:
SF:src/lib/components/ContentfulRichText/nodes/Heading4.svelte
FNF:0
FNH:0
DA:1,1
DA:2,1
DA:3,1
DA:4,1
DA:5,1
DA:6,1
DA:7,1
DA:8,1
DA:9,1
DA:10,1
DA:11,1
DA:12,1
DA:13,1
DA:14,1
DA:15,1
LF:15
LH:15
BRF:0
BRH:0
end_of_record
TN:
SF:src/lib/components/ContentfulRichText/nodes/Heading5.svelte
FNF:0
FNH:0
DA:1,1
DA:2,1
DA:3,1
DA:4,1
DA:5,1
DA:6,1
DA:7,1
DA:8,1
DA:9,1
DA:10,1
DA:11,1
DA:12,1
DA:13,1
DA:14,1
DA:15,1
LF:15
LH:15
BRF:0
BRH:0
end_of_record
TN:
SF:src/lib/components/ContentfulRichText/nodes/Heading6.svelte
FNF:0
FNH:0
DA:1,1
DA:2,1
DA:3,1
DA:4,1
DA:5,1
DA:6,1
DA:7,1
DA:8,1
DA:9,1
DA:10,1
DA:11,1
DA:12,1
DA:13,1
DA:14,1
DA:15,1
LF:15
LH:15
BRF:0
BRH:0
end_of_record
TN:
SF:src/lib/components/ContentfulRichText/nodes/Hr.svelte
FNF:0
FNH:0
DA:1,1
DA:2,1
DA:3,1
DA:4,1
DA:5,1
DA:6,1
DA:7,1
DA:8,1
DA:9,1
DA:10,1
DA:11,1
DA:12,1
DA:13,1
DA:14,1
LF:14
LH:14
BRF:0
BRH:0
end_of_record
TN:
SF:src/lib/components/ContentfulRichText/nodes/Hyperlink.svelte
FNF:0
FNH:0
DA:1,1
DA:2,1
DA:3,1
DA:4,1
DA:5,1
DA:6,1
DA:7,1
DA:8,1
DA:9,1
DA:10,1
DA:11,1
DA:12,1
DA:13,1
DA:14,1
DA:15,1
DA:16,1
DA:17,1
LF:17
LH:17
BRF:0
BRH:0
end_of_record
TN:
SF:src/lib/components/ContentfulRichText/nodes/ListItem.svelte
FNF:0
FNH:0
DA:1,1
DA:2,1
DA:3,1
DA:4,1
DA:5,1
DA:6,1
DA:7,1
DA:8,1
DA:9,1
DA:10,1
DA:11,1
DA:12,1
DA:13,1
DA:14,1
DA:15,1
DA:16,1
DA:17,1
DA:18,1
DA:19,1
LF:19
LH:19
BRF:0
BRH:0
end_of_record
TN:
SF:src/lib/components/ContentfulRichText/nodes/Node.svelte
FNF:0
FNH:0
DA:1,1
DA:2,1
DA:3,1
DA:4,1
DA:5,1
DA:6,1
DA:7,1
DA:8,1
DA:9,1
DA:10,1
DA:11,1
DA:12,1
DA:13,1
DA:14,1
LF:14
LH:14
BRF:0
BRH:0
end_of_record
TN:
SF:src/lib/components/ContentfulRichText/nodes/OrderedList.svelte
FNF:0
FNH:0
DA:1,1
DA:2,1
DA:3,1
DA:4,1
DA:5,1
DA:6,1
DA:7,1
DA:8,1
DA:9,1
DA:10,1
DA:11,1
DA:12,1
DA:13,1
DA:14,1
DA:15,1
DA:16,1
DA:17,1
DA:18,1
DA:19,1
LF:19
LH:19
BRF:0
BRH:0
end_of_record
TN:
SF:src/lib/components/ContentfulRichText/nodes/Paragraph.svelte
FNF:0
FNH:0
DA:1,1
DA:2,1
DA:3,1
DA:4,1
DA:5,1
DA:6,1
DA:7,1
DA:8,1
DA:9,1
DA:10,1
DA:11,1
DA:12,1
DA:13,1
DA:14,1
DA:15,1
DA:16,1
DA:17,1
DA:18,1
DA:19,1
LF:19
LH:19
BRF:0
BRH:0
end_of_record
TN:
SF:src/lib/components/ContentfulRichText/nodes/Table.svelte
FNF:0
FNH:0
DA:1,1
DA:2,1
DA:3,1
DA:4,1
DA:5,1
DA:6,1
DA:7,1
DA:8,1
DA:9,1
DA:10,1
DA:11,1
DA:12,1
DA:13,1
DA:14,1
DA:15,1
DA:16,1
DA:17,1
DA:18,1
DA:19,1
DA:20,1
DA:21,1
LF:21
LH:21
BRF:0
BRH:0
end_of_record
TN:
SF:src/lib/components/ContentfulRichText/nodes/TableCell.svelte
FNF:0
FNH:0
DA:1,1
DA:2,1
DA:3,1
DA:4,1
DA:5,1
DA:6,1
DA:7,1
DA:8,1
DA:9,1
DA:10,1
DA:11,1
DA:12,1
DA:13,1
DA:14,1
DA:15,1
DA:16,1
DA:17,1
DA:18,1
DA:19,1
LF:19
LH:19
BRF:0
BRH:0
end_of_record
TN:
SF:src/lib/components/ContentfulRichText/nodes/TableHeaderCell.svelte
FNF:0
FNH:0
DA:1,1
DA:2,1
DA:3,1
DA:4,1
DA:5,1
DA:6,1
DA:7,1
DA:8,1
DA:9,1
DA:10,1
DA:11,1
DA:12,1
DA:13,1
DA:14,1
DA:15,1
DA:16,1
DA:17,1
DA:18,1
DA:19,1
LF:19
LH:19
BRF:0
BRH:0
end_of_record
TN:
SF:src/lib/components/ContentfulRichText/nodes/TableRow.svelte
FNF:0
FNH:0
DA:1,1
DA:2,1
DA:3,1
DA:4,1
DA:5,1
DA:6,1
DA:7,1
DA:8,1
DA:9,1
DA:10,1
DA:11,1
DA:12,1
DA:13,1
DA:14,1
DA:15,1
DA:16,1
DA:17,1
DA:18,1
DA:19,1
LF:19
LH:19
BRF:0
BRH:0
end_of_record
TN:
SF:src/lib/components/ContentfulRichText/nodes/Text.svelte
FN:16,wrapWith
FNF:1
FNH:1
FNDA:582,wrapWith
DA:1,1
DA:2,1
DA:3,1
DA:4,1
DA:5,1
DA:6,1
DA:7,1
DA:8,1
DA:9,1
DA:10,1
DA:11,1
DA:12,1
DA:13,1
DA:14,1
DA:15,1
DA:16,1
DA:17,1
DA:18,1
DA:19,1
DA:20,1
DA:21,1
DA:22,1
DA:23,1
DA:24,1
DA:25,1
DA:26,1
DA:27,1
DA:28,15
DA:29,1
DA:30,1
DA:31,1
DA:32,1
DA:33,1
LF:33
LH:33
BRDA:16,0,0,582
BRDA:16,1,0,15
BRDA:27,2,0,15
BRF:3
BRH:3
end_of_record
TN:
SF:src/lib/components/ContentfulRichText/nodes/UnorderedList.svelte
FNF:0
FNH:0
DA:1,1
DA:2,1
DA:3,1
DA:4,1
DA:5,1
DA:6,1
DA:7,1
DA:8,1
DA:9,1
DA:10,1
DA:11,1
DA:12,1
DA:13,1
DA:14,1
DA:15,1
DA:16,1
DA:17,1
DA:18,1
DA:19,1
LF:19
LH:19
BRF:0
BRH:0
end_of_record
TN:
SF:src/lib/components/ContentfulRichText/nodes/index.ts
FNF:0
FNH:0
DA:1,1
DA:2,1
DA:3,1
DA:4,1
DA:5,1
DA:6,1
DA:7,1
DA:8,1
DA:9,1
DA:10,1
DA:11,1
DA:12,1
DA:13,1
DA:14,1
DA:15,1
DA:16,1
DA:17,1
DA:18,1
DA:19,1
DA:20,1
DA:21,1
DA:22,1
DA:23,1
DA:24,1
DA:25,1
DA:26,1
DA:27,1
DA:28,1
DA:29,1
DA:30,1
DA:31,1
DA:32,1
DA:33,1
DA:34,1
DA:35,1
DA:36,1
DA:37,1
DA:38,1
DA:39,1
DA:40,1
DA:41,1
LF:41
LH:41
BRF:0
BRH:0
end_of_record
TN:
SF:src/lib/components/Header/Header.svelte
FN:57,get_key$
FN:22,toggleNavMenu
FN:33,click_handler$
FN:38,click_handler$_1
FN:69,submit_handler$
FNF:5
FNH:4
FNDA:2,get_key$
FNDA:2,toggleNavMenu
FNDA:1,click_handler$
FNDA:1,click_handler$_1
FNDA:0,submit_handler$
DA:1,1
DA:2,1
DA:3,1
DA:4,1
DA:5,1
DA:6,1
DA:7,1
DA:8,1
DA:9,1
DA:10,1
DA:11,1
DA:12,1
DA:13,1
DA:14,1
DA:15,1
DA:16,1
DA:17,1
DA:18,1
DA:19,1
DA:20,1
DA:21,1
DA:22,1
DA:23,1
DA:24,1
DA:25,1
DA:26,1
DA:27,1
DA:28,1
DA:29,1
DA:30,1
DA:31,1
DA:32,1
DA:33,1
DA:34,1
DA:35,1
DA:36,1
DA:37,1
DA:38,1
DA:39,1
DA:40,1
DA:41,1
DA:42,1
DA:43,1
DA:44,1
DA:45,1
DA:46,1
DA:47,1
DA:48,1
DA:49,1
DA:50,1
DA:51,1
DA:52,1
DA:53,1
DA:54,1
DA:55,1
DA:56,1
DA:57,1
DA:58,1
DA:59,1
DA:60,1
DA:61,1
DA:62,1
DA:63,1
DA:64,1
DA:65,1
DA:66,1
DA:67,1
DA:68,1
DA:69,1
DA:70,1
DA:71,1
DA:72,1
DA:73,1
DA:74,1
DA:75,1
LF:75
LH:75
BRDA:57,0,0,2
BRDA:48,1,0,0
BRDA:48,2,0,0
BRDA:49,3,0,0
BRDA:49,4,0,0
BRDA:52,5,0,0
BRDA:22,6,0,2
BRDA:33,7,0,1
BRDA:38,8,0,1
BRDA:24,9,0,1
BRF:10
BRH:5
end_of_record
TN:
SF:src/lib/components/Header/Nav/Nav.svelte
FN:12,get_key$
FN:17,toggle_handler$
FN:18,close_handler$
FNF:3
FNH:3
FNDA:22,get_key$
FNDA:6,toggle_handler$
FNDA:2,close_handler$
DA:1,1
DA:2,1
DA:3,1
DA:4,1
DA:5,1
DA:6,1
DA:7,1
DA:8,1
DA:9,1
DA:10,1
DA:11,1
DA:12,1
DA:13,1
DA:14,1
DA:15,1
DA:16,1
DA:17,1
DA:18,1
DA:19,1
DA:20,1
DA:21,1
DA:22,1
DA:23,1
DA:24,1
DA:25,1
LF:25
LH:25
BRDA:19,0,0,0
BRDA:12,1,0,22
BRDA:17,2,0,6
BRDA:17,3,0,2
BRDA:17,4,0,4
BRDA:18,5,0,2
BRF:6
BRH:5
end_of_record
TN:
SF:src/lib/components/Header/Nav/NavItem.svelte
FNF:0
FNH:0
DA:1,1
DA:2,1
DA:3,1
DA:4,1
DA:5,1
DA:6,1
DA:7,1
DA:8,1
DA:9,1
DA:10,1
DA:11,1
DA:12,1
DA:13,1
DA:14,1
DA:15,1
DA:16,1
DA:17,1
DA:18,1
DA:19,1
DA:20,1
DA:21,1
LF:21
LH:21
BRDA:17,0,0,12
BRF:1
BRH:1
end_of_record
TN:
SF:src/lib/components/Header/Nav/NavLink.svelte
FNF:0
FNH:0
DA:1,1
DA:2,1
DA:3,1
DA:4,1
DA:5,1
DA:6,1
DA:7,1
DA:8,1
DA:9,1
LF:9
LH:9
BRDA:6,0,0,1
BRF:1
BRH:1
end_of_record
TN:
SF:src/lib/components/Header/Nav/NavMenu.svelte
FN:83,get_key$
FN:69,get_key$
FN:86,get_key$
FN:35,handleKeyDown
FN:37,handleMouseDown
FNF:5
FNH:5
FNDA:16,get_key$
FNDA:8,get_key$
FNDA:24,get_key$
FNDA:5,handleKeyDown
FNDA:4,handleMouseDown
DA:1,1
DA:2,1
DA:3,1
DA:4,1
DA:5,1
DA:6,1
DA:7,1
DA:8,1
DA:9,1
DA:10,1
DA:11,1
DA:12,1
DA:13,1
DA:14,1
DA:15,1
DA:16,1
DA:17,1
DA:18,1
DA:19,1
DA:20,1
DA:21,1
DA:22,1
DA:23,1
DA:24,1
DA:25,1
DA:26,1
DA:27,1
DA:28,1
DA:29,1
DA:30,1
DA:31,1
DA:32,1
DA:33,1
DA:34,1
DA:35,1
DA:36,5
DA:37,1
DA:38,1
DA:39,1
DA:40,1
DA:41,1
DA:42,1
DA:43,1
DA:44,1
DA:45,1
DA:46,1
DA:47,1
DA:48,1
DA:49,1
DA:50,1
DA:51,1
DA:52,1
DA:53,1
DA:54,1
DA:55,1
DA:56,1
DA:57,1
DA:58,1
DA:59,1
DA:60,1
DA:61,1
DA:62,1
DA:63,1
DA:64,1
DA:65,1
DA:66,1
DA:67,1
DA:68,1
DA:69,1
DA:70,1
DA:71,1
DA:72,1
DA:73,1
DA:74,1
DA:75,1
DA:76,1
DA:77,1
DA:78,1
DA:79,1
DA:80,1
DA:81,1
DA:82,1
DA:83,1
DA:84,1
DA:85,1
DA:86,1
DA:87,1
DA:88,1
DA:89,1
DA:90,1
DA:91,1
DA:92,1
DA:93,1
DA:94,1
DA:95,1
DA:96,1
DA:97,1
LF:97
LH:97
BRDA:83,0,0,16
BRDA:69,1,0,8
BRDA:68,2,0,0
BRDA:86,3,0,24
BRDA:66,4,0,10
BRDA:59,5,0,0
BRDA:35,6,0,5
BRDA:36,7,0,4
BRDA:36,8,0,2
BRDA:37,9,0,4
BRDA:47,10,0,2
BRDA:17,11,0,1
BRF:12
BRH:10
end_of_record
TN:
SF:src/lib/components/Header/Nav/index.ts
FN:1,get
FNF:1
FNH:1
FNDA:2,get
DA:1,1
DA:2,1
LF:2
LH:2
BRDA:1,0,0,2
BRF:1
BRH:1
end_of_record
TN:
SF:src/lib/components/Header/Title/Title.svelte
FNF:0
FNH:0
DA:1,1
DA:2,1
DA:3,1
DA:4,1
DA:5,1
DA:6,1
DA:7,1
DA:8,1
DA:9,1
DA:10,1
DA:11,1
DA:12,1
DA:13,1
DA:14,1
DA:15,1
DA:16,1
DA:17,1
DA:18,1
DA:19,1
DA:20,1
DA:21,1
DA:22,1
DA:23,1
DA:24,1
DA:25,1
DA:26,1
DA:27,1
DA:28,1
DA:29,1
DA:30,1
DA:31,1
DA:32,1
DA:33,1
LF:33
LH:33
BRF:0
BRH:0
end_of_record
TN:
SF:src/lib/components/Header/Title/index.ts
FN:1,get
FNF:1
FNH:1
FNDA:2,get
DA:1,1
DA:2,1
LF:2
LH:2
BRDA:1,0,0,2
BRF:1
BRH:1
end_of_record
TN:
SF:src/lib/components/Icon/Icon.svelte
FNF:0
FNH:0
DA:1,1
DA:2,1
DA:3,1
DA:4,1
DA:5,1
DA:6,1
DA:7,1
DA:8,1
DA:9,1
DA:10,1
DA:11,1
DA:12,1
DA:13,1
DA:14,1
DA:15,1
DA:16,1
DA:17,1
DA:18,1
DA:19,1
DA:20,1
DA:21,1
DA:22,1
DA:23,1
DA:24,1
DA:25,1
DA:26,1
DA:27,1
LF:27
LH:27
BRDA:24,0,0,3
BRDA:19,1,0,0
BRDA:19,2,0,0
BRF:3
BRH:1
end_of_record
TN:
SF:src/lib/components/Icon/index.ts
FN:1,get
FNF:1
FNH:1
FNDA:2,get
DA:1,1
LF:1
LH:1
BRDA:1,0,0,2
BRF:1
BRH:1
end_of_record
TN:
SF:src/lib/components/Image/Image.svelte
FN:16,getSrcsetAttr
FN:138,load_handler$
FN:111,intersect_handler$
FNF:3
FNH:1
FNDA:0,getSrcsetAttr
FNDA:0,load_handler$
FNDA:1,intersect_handler$
DA:1,1
DA:2,1
DA:3,1
DA:4,1
DA:5,1
DA:6,1
DA:7,1
DA:8,1
DA:9,1
DA:10,1
DA:11,1
DA:12,1
DA:13,1
DA:14,1
DA:15,1
DA:16,1
DA:17,0
DA:18,0
DA:19,0
DA:20,0
DA:21,0
DA:22,0
DA:23,1
DA:24,1
DA:25,1
DA:26,1
DA:27,1
DA:28,1
DA:29,1
DA:30,1
DA:31,1
DA:32,1
DA:33,1
DA:34,1
DA:35,1
DA:36,1
DA:37,1
DA:38,1
DA:39,1
DA:40,1
DA:41,1
DA:42,1
DA:43,1
DA:44,1
DA:45,1
DA:46,1
DA:47,1
DA:48,1
DA:49,1
DA:50,1
DA:51,1
DA:52,1
DA:53,1
DA:54,1
DA:55,1
DA:56,1
DA:57,1
DA:58,1
DA:59,1
DA:60,1
DA:61,1
DA:62,1
DA:63,1
DA:64,1
DA:65,1
DA:66,1
DA:67,1
DA:68,1
DA:69,1
DA:70,1
DA:71,1
DA:72,1
DA:73,1
DA:74,1
DA:75,1
DA:76,1
DA:77,0
DA:78,1
DA:79,1
DA:80,1
DA:81,1
DA:82,1
DA:83,1
DA:84,1
DA:85,1
DA:86,1
DA:87,1
DA:88,1
DA:89,1
DA:90,1
DA:91,1
DA:92,0
DA:93,1
DA:94,1
DA:95,1
DA:96,1
DA:97,1
DA:98,1
DA:99,1
DA:100,1
DA:101,1
DA:102,1
DA:103,1
DA:104,1
DA:105,1
DA:106,1
DA:107,1
DA:108,1
DA:109,1
DA:110,1
DA:111,1
DA:112,1
DA:113,1
DA:114,1
DA:115,1
DA:116,1
DA:117,1
DA:118,0
DA:119,0
DA:120,0
DA:121,0
DA:122,1
DA:123,1
DA:124,1
DA:125,1
DA:126,1
DA:127,1
DA:128,1
DA:129,1
DA:130,1
DA:131,1
DA:132,1
DA:133,1
DA:134,1
DA:135,1
DA:136,1
DA:137,1
DA:138,1
DA:139,1
DA:140,1
DA:141,1
DA:142,1
DA:143,1
DA:144,1
DA:145,1
DA:146,1
DA:147,1
DA:148,1
DA:149,1
DA:150,1
DA:151,1
DA:152,1
DA:153,1
DA:154,1
DA:155,1
DA:156,1
DA:157,0
DA:158,1
DA:159,1
DA:160,1
DA:161,1
DA:162,1
LF:162
LH:149
BRDA:156,0,0,0
BRDA:125,1,0,8
BRDA:144,2,0,1
BRDA:153,3,0,1
BRDA:120,4,0,1
BRDA:137,5,0,0
BRDA:137,6,0,0
BRDA:141,7,0,1
BRDA:117,8,0,0
BRDA:109,9,0,9
BRDA:112,10,0,0
BRDA:59,11,0,1
BRDA:59,12,0,8
BRDA:40,13,0,0
BRDA:41,14,0,1
BRDA:41,15,0,8
BRDA:42,16,0,1
BRDA:42,17,0,7
BRDA:43,18,0,2
BRDA:111,19,0,1
BRDA:61,20,0,8
BRDA:61,21,0,1
BRDA:69,22,0,0
BRDA:76,23,0,0
BRDA:78,24,0,1
BRDA:80,25,0,1
BRDA:82,26,0,7
BRDA:82,27,0,3
BRDA:89,28,0,0
BRDA:91,29,0,0
BRDA:101,30,0,2
BRDA:101,31,0,1
BRF:32
BRH:22
end_of_record
TN:
SF:src/lib/components/IntersectionObserver/IntersectionObserver.svelte
FN:40,observer.observe.once.once
FNF:1
FNH:1
FNDA:5,observer.observe.once.once
DA:1,1
DA:2,1
DA:3,1
DA:4,1
DA:5,1
DA:6,1
DA:7,1
DA:8,1
DA:9,1
DA:10,1
DA:11,1
DA:12,1
DA:13,1
DA:14,1
DA:15,1
DA:16,1
DA:17,1
DA:18,1
DA:19,1
DA:20,1
DA:21,1
DA:22,1
DA:23,3
DA:24,1
DA:25,1
DA:26,1
DA:27,1
DA:28,1
DA:29,1
DA:30,1
DA:31,1
DA:32,1
DA:33,1
DA:34,1
DA:35,1
DA:36,1
DA:37,1
DA:38,1
DA:39,1
DA:40,1
DA:41,1
DA:42,1
DA:43,1
DA:44,1
LF:44
LH:44
BRDA:22,0,0,5
BRDA:22,1,0,5
BRDA:22,2,0,3
BRDA:24,3,0,7
BRDA:33,4,0,12
BRDA:35,5,0,15
BRDA:36,6,0,0
BRDA:37,7,0,0
BRDA:39,8,0,0
BRDA:17,9,0,9
BRDA:17,10,0,4
BRDA:40,11,0,5
BRF:12
BRH:9
end_of_record
TN:
SF:src/lib/components/IntersectionObserver/RootIntersectionObserver.svelte
FNF:0
FNH:0
DA:1,1
DA:2,1
DA:3,1
DA:4,1
DA:5,1
DA:6,1
DA:7,1
DA:8,1
DA:9,1
DA:10,1
DA:11,1
DA:12,1
DA:13,1
DA:14,1
DA:15,1
DA:16,0
DA:17,0
DA:18,1
DA:19,1
DA:20,1
DA:21,1
DA:22,1
DA:23,1
DA:24,1
DA:25,1
LF:25
LH:23
BRDA:14,0,0,0
BRDA:15,1,0,0
BRF:2
BRH:0
end_of_record
TN:
SF:src/lib/components/IntersectionObserver/index.ts
FN:1,get
FNF:1
FNH:0
FNDA:0,get
DA:1,1
DA:2,1
LF:2
LH:2
BRF:0
BRH:0
end_of_record
TN:
SF:src/lib/components/IntersectionObserver/key.ts
FNF:0
FNH:0
DA:1,1
DA:2,1
DA:3,1
DA:4,1
DA:5,1
DA:6,1
LF:6
LH:6
BRF:0
BRH:0
end_of_record
TN:
SF:src/lib/components/IntersectionObserver/observe.ts
FN:18,resolveOptions
FN:25,unobserve
FN:34,observe
FN:45,cb
FN:56,getObserverCallback
FN:69,getRootObserver
FN:76,unobserve
FN:77,observe
FN:80,get
FNF:9
FNH:9
FNDA:11,resolveOptions
FNDA:4,unobserve
FNDA:11,observe
FNDA:4,cb
FNDA:11,getObserverCallback
FNDA:11,getRootObserver
FNDA:1,unobserve
FNDA:11,observe
FNDA:11,get
DA:1,1
DA:2,1
DA:3,1
DA:4,1
DA:5,1
DA:6,1
DA:7,1
DA:8,1
DA:9,1
DA:10,1
DA:11,1
DA:12,1
DA:13,1
DA:14,1
DA:15,1
DA:16,1
DA:17,1
DA:18,1
DA:19,11
DA:20,11
DA:21,11
DA:22,1
DA:23,1
DA:24,1
DA:25,1
DA:26,4
DA:27,4
DA:28,4
DA:29,4
DA:30,4
DA:31,4
DA:32,4
DA:33,1
DA:34,1
DA:35,11
DA:36,11
DA:37,11
DA:38,11
DA:39,11
DA:40,11
DA:41,11
DA:42,11
DA:43,11
DA:44,11
DA:45,4
DA:46,4
DA:47,4
DA:48,4
DA:49,4
DA:50,11
DA:51,11
DA:52,11
DA:53,11
DA:54,1
DA:55,1
DA:56,1
DA:57,15
DA:58,15
DA:59,15
DA:60,15
DA:61,15
DA:62,15
DA:63,1
DA:64,1
DA:65,1
DA:66,1
DA:67,1
DA:68,1
DA:69,1
DA:70,11
DA:71,11
DA:72,11
DA:73,11
DA:74,11
DA:75,11
DA:76,11
DA:77,11
DA:78,11
DA:79,11
DA:80,11
LF:80
LH:80
BRDA:18,0,0,11
BRDA:25,1,0,4
BRDA:34,2,0,11
BRDA:44,3,0,4
BRDA:45,4,0,4
BRDA:47,5,0,3
BRDA:47,6,0,3
BRDA:56,7,0,11
BRDA:56,8,0,15
BRDA:57,9,0,15
BRDA:60,10,0,10
BRDA:69,11,0,11
BRDA:73,12,0,0
BRDA:76,13,0,1
BRDA:77,14,0,11
BRDA:80,15,0,11
BRF:16
BRH:15
end_of_record
TN:
SF:src/lib/components/Link/Link.svelte
FNF:0
FNH:0
DA:1,1
DA:2,1
DA:3,1
DA:4,1
DA:5,1
DA:6,1
DA:7,1
DA:8,1
DA:9,1
DA:10,1
DA:11,1
DA:12,1
DA:13,1
DA:14,1
DA:15,1
DA:16,1
DA:17,1
DA:18,1
DA:19,1
DA:20,1
DA:21,1
DA:22,1
DA:23,1
DA:24,1
DA:25,1
DA:26,1
DA:27,1
DA:28,1
DA:29,1
DA:30,1
DA:31,1
DA:32,1
LF:32
LH:32
BRDA:30,0,0,1
BRDA:30,1,0,22
BRDA:24,2,0,1
BRDA:25,3,0,1
BRF:4
BRH:4
end_of_record
TN:
SF:src/lib/components/Link/index.ts
FN:1,get
FNF:1
FNH:1
FNDA:4,get
DA:1,1
LF:1
LH:1
BRDA:1,0,0,4
BRF:1
BRH:1
end_of_record
TN:
SF:src/lib/components/Search/Search.svelte
FN:24,onInput
FNF:1
FNH:1
FNDA:12,onInput
DA:1,1
DA:2,1
DA:3,1
DA:4,1
DA:5,1
DA:6,1
DA:7,1
DA:8,1
DA:9,1
DA:10,1
DA:11,1
DA:12,1
DA:13,1
DA:14,1
DA:15,1
DA:16,1
DA:17,1
DA:18,1
DA:19,1
DA:20,1
DA:21,1
DA:22,1
DA:23,1
DA:24,1
DA:25,1
DA:26,1
DA:27,1
DA:28,1
DA:29,1
DA:30,1
DA:31,1
DA:32,1
DA:33,0
DA:34,0
DA:35,1
DA:36,1
DA:37,1
DA:38,1
DA:39,1
DA:40,1
DA:41,1
DA:42,1
DA:43,1
DA:44,1
DA:45,1
DA:46,1
DA:47,1
DA:48,1
DA:49,1
DA:50,1
DA:51,1
DA:52,1
DA:53,1
DA:54,1
DA:55,1
DA:56,1
DA:57,1
LF:57
LH:55
BRDA:51,0,0,4
BRDA:39,1,0,0
BRDA:39,2,0,0
BRDA:43,3,0,0
BRDA:32,4,0,0
BRDA:24,5,0,12
BRF:6
BRH:2
end_of_record
TN:
SF:src/lib/components/Search/index.ts
FN:1,get
FNF:1
FNH:0
FNDA:0,get
DA:1,1
DA:2,1
LF:2
LH:2
BRF:0
BRH:0
end_of_record
TN:
SF:src/lib/components/Search/options.ts
FN:1,get
FNF:1
FNH:0
FNDA:0,get
DA:1,1
DA:2,1
LF:2
LH:2
BRF:0
BRH:0
end_of_record
TN:
SF:src/lib/util/chunk.ts
FN:3,chunk
FNF:1
FNH:1
FNDA:5,chunk
DA:1,1
DA:2,1
DA:3,1
DA:4,5
DA:5,5
DA:6,4
DA:7,4
DA:8,22
DA:9,4
DA:10,4
DA:11,4
DA:12,1
LF:12
LH:12
BRDA:3,0,0,5
BRDA:5,1,0,1
BRDA:5,2,0,4
BRDA:7,3,0,22
BRDA:8,4,0,16
BRDA:8,5,0,6
BRF:6
BRH:6
end_of_record
TN:
SF:src/lib/util/classNames.ts
FN:2,classNames
FNF:1
FNH:1
FNDA:87,classNames
DA:1,1
DA:2,1
DA:3,1
DA:4,1
LF:4
LH:4
BRDA:2,0,0,87
BRF:1
BRH:1
end_of_record
TN:
SF:src/lib/util/warn.ts
FN:4,__vite_ssr_exports__.default
FNF:1
FNH:1
FNDA:1,__vite_ssr_exports__.default
DA:1,1
DA:2,1
DA:3,1
DA:4,1
DA:5,1
DA:6,1
DA:7,1
DA:8,1
DA:9,1
LF:9
LH:9
BRDA:4,0,0,1
BRDA:5,1,0,1
BRDA:5,2,0,1
BRDA:6,3,0,1
BRF:4
BRH:4
end_of_record
